CREATE TABLE dtp
Error in line 2: Syntax error.
(
Error in line 3: Unrecognized command verb.
id  Numeric NULL,
Error in line 4: Unrecognized command verb.
description  Character(20) NULL,
Error in line 5: Unrecognized command verb.
date  Date NULL,
Error in line 6: Unrecognized command verb.
adress  Character(18) NULL,
Error in line 7: Unrecognized command verb.
gai_id  Numeric NOT NULL
Error in line 8: Unrecognized command verb.
)
Error in line 9: Unrecognized command verb.
CREATE INDEX XIF1dtp ON dtp
Error in line 14: Syntax error.
(
Error in line 15: Unrecognized command verb.
gai_id  ASC
Error in line 16: Unrecognized command verb.
)
Error in line 17: Unrecognized command verb.
CREATE UNIQUE INDEX XPKdtp ON dtp
Error in line 22: Syntax error.
(
Error in line 23: Unrecognized command verb.
id  ASC
Error in line 24: Unrecognized command verb.
)
Error in line 25: Unrecognized command verb.
CREATE TABLE gai
Error in line 30: Syntax error.
(
Error in line 31: Unrecognized command verb.
id  Numeric NULL,
Error in line 32: Unrecognized command verb.
name  Character(20) NULL,
Error in line 33: Unrecognized command verb.
license  Numeric NULL,
Error in line 34: Unrecognized command verb.
department  Character(20) NULL
Error in line 35: Unrecognized command verb.
)
Error in line 36: Unrecognized command verb.
CREATE UNIQUE INDEX XPKgai ON gai
Error in line 41: Syntax error.
(
Error in line 42: Unrecognized command verb.
id  ASC
Error in line 43: Unrecognized command verb.
)
Error in line 44: Unrecognized command verb.
CREATE TABLE participant_of_dtp
Error in line 49: Syntax error.
(
Error in line 50: Unrecognized command verb.
id  Numeric NULL,
Error in line 51: Unrecognized command verb.
vehicle_id  Numeric NOT NULL,
Error in line 52: Unrecognized command verb.
person_id  Numeric NOT NULL,
Error in line 53: Unrecognized command verb.
dtp_id  Numeric NOT NULL,
Error in line 54: Unrecognized command verb.
role  Character(20) NULL
Error in line 55: Unrecognized command verb.
)
Error in line 56: Unrecognized command verb.
CREATE INDEX XIF1participant_of_dtp ON participant_of_dtp
Error in line 61: Syntax error.
(
Error in line 62: Unrecognized command verb.
dtp_id  ASC
Error in line 63: Unrecognized command verb.
)
Error in line 64: Unrecognized command verb.
CREATE INDEX XIF2participant_of_dtp ON participant_of_dtp
Error in line 69: Syntax error.
(
Error in line 70: Unrecognized command verb.
person_id  ASC
Error in line 71: Unrecognized command verb.
)
Error in line 72: Unrecognized command verb.
CREATE INDEX XIF3participant_of_dtp ON participant_of_dtp
Error in line 77: Syntax error.
(
Error in line 78: Unrecognized command verb.
vehicle_id  ASC
Error in line 79: Unrecognized command verb.
)
Error in line 80: Unrecognized command verb.
CREATE UNIQUE INDEX XPKparticipant_of_dtp ON participant_of_dtp
Error in line 85: Syntax error.
(
Error in line 86: Unrecognized command verb.
id  ASC
Error in line 87: Unrecognized command verb.
)
Error in line 88: Unrecognized command verb.
CREATE TABLE person
Error in line 93: Syntax error.
(
Error in line 94: Unrecognized command verb.
id  Numeric NULL,
Error in line 95: Unrecognized command verb.
name  Character(20) NULL,
Error in line 96: Unrecognized command verb.
birthday  Date NULL,
Error in line 97: Unrecognized command verb.
passport  Numeric NULL,
Error in line 98: Unrecognized command verb.
passport_where  Character(20) NULL,
Error in line 99: Unrecognized command verb.
passport_when  Date NULL
Error in line 100: Unrecognized command verb.
)
Error in line 101: Unrecognized command verb.
CREATE UNIQUE INDEX XPKperson ON person
Error in line 106: Syntax error.
(
Error in line 107: Unrecognized command verb.
id  ASC
Error in line 108: Unrecognized command verb.
)
Error in line 109: Unrecognized command verb.
CREATE TABLE vehicle
Error in line 114: Syntax error.
(
Error in line 115: Unrecognized command verb.
id  Numeric NULL,
Error in line 116: Unrecognized command verb.
person_id  Numeric NOT NULL,
Error in line 117: Unrecognized command verb.
pts  Numeric NULL,
Error in line 118: Unrecognized command verb.
model  Character(20) NULL,
Error in line 119: Unrecognized command verb.
category  Character(20) NULL
Error in line 120: Unrecognized command verb.
)
Error in line 121: Unrecognized command verb.
CREATE INDEX XIF1vehicle ON vehicle
Error in line 126: Syntax error.
(
Error in line 127: Unrecognized command verb.
person_id  ASC
Error in line 128: Unrecognized command verb.
)
Error in line 129: Unrecognized command verb.
CREATE UNIQUE INDEX XPKvehicle ON vehicle
Error in line 134: Syntax error.
(
Error in line 135: Unrecognized command verb.
id  ASC
Error in line 136: Unrecognized command verb.
)
Error in line 137: Unrecognized command verb.
CREATE TABLE violation
Error in line 142: Syntax error.
(
Error in line 143: Unrecognized command verb.
id  Numeric NULL,
Error in line 144: Unrecognized command verb.
participant_id  Numeric NOT NULL,
Error in line 145: Unrecognized command verb.
law_number  Numeric NULL,
Error in line 146: Unrecognized command verb.
law  Character(20) NULL
Error in line 147: Unrecognized command verb.
)
Error in line 148: Unrecognized command verb.
CREATE INDEX XIF1violation ON violation
Error in line 153: Syntax error.
(
Error in line 154: Unrecognized command verb.
participant_id  ASC
Error in line 155: Unrecognized command verb.
)
Error in line 156: Unrecognized command verb.
CREATE UNIQUE INDEX XPKviolation ON violation
Error in line 161: Syntax error.
(
Error in line 162: Unrecognized command verb.
id  ASC
Error in line 163: Unrecognized command verb.
)
Error in line 164: Unrecognized command verb.
